nohup: ignoring input
cuda available
[  0/200]: dloss: 0.0151, gloss: 3.2251
[  1/200]: dloss: 0.0371, gloss: 2.4280
[  2/200]: dloss: 0.0043, gloss: 2.1098
[  3/200]: dloss: 0.0064, gloss: 1.9321
[  4/200]: dloss: 0.0081, gloss: 1.7985
[  5/200]: dloss: 0.0279, gloss: 1.7137
[  6/200]: dloss: 0.0045, gloss: 1.5997
[  7/200]: dloss: 0.0049, gloss: 1.5309
[  8/200]: dloss: 0.0181, gloss: 1.4889
[  9/200]: dloss: 0.0028, gloss: 1.4191
[ 10/200]: dloss: 0.0202, gloss: 1.3865
[ 11/200]: dloss: 0.0020, gloss: 1.3234
[ 12/200]: dloss: 0.0069, gloss: 1.2956
[ 13/200]: dloss: 0.0050, gloss: 1.2571
[ 14/200]: dloss: 0.0028, gloss: 1.2221
[ 15/200]: dloss: 0.0122, gloss: 1.1984
[ 16/200]: dloss: 0.0013, gloss: 1.1599
[ 17/200]: dloss: 0.0037, gloss: 1.1339
[ 18/200]: dloss: 0.0016, gloss: 1.1059
[ 19/200]: dloss: 0.0077, gloss: 1.0990
[ 20/200]: dloss: 0.0010, gloss: 1.0611
[ 21/200]: dloss: 0.0034, gloss: 1.0420
[ 22/200]: dloss: 0.0019, gloss: 1.0268
[ 23/200]: dloss: 0.0063, gloss: 1.0103
[ 24/200]: dloss: 0.0012, gloss: 0.9942
[ 25/200]: dloss: 0.0031, gloss: 0.9739
[ 26/200]: dloss: 0.0023, gloss: 0.9624
[ 27/200]: dloss: 0.0015, gloss: 0.9525
[ 28/200]: dloss: 0.0056, gloss: 0.9390
[ 29/200]: dloss: 0.0010, gloss: 0.9169
[ 30/200]: dloss: 0.0022, gloss: 0.9072
[ 31/200]: dloss: 0.0021, gloss: 0.8996
[ 32/200]: dloss: 0.0019, gloss: 0.8863
[ 33/200]: dloss: 0.0021, gloss: 0.8773
[ 34/200]: dloss: 0.0025, gloss: 0.8707
[ 35/200]: dloss: 0.0024, gloss: 0.8601
[ 36/200]: dloss: 0.0012, gloss: 0.8449
[ 37/200]: dloss: 0.0022, gloss: 0.8416
[ 38/200]: dloss: 0.0034, gloss: 0.8335
[ 39/200]: dloss: 0.0036, gloss: 0.8230
[ 40/200]: dloss: 0.0008, gloss: 0.8130
[ 41/200]: dloss: 0.0024, gloss: 0.8046
[ 42/200]: dloss: 0.0011, gloss: 0.7988
[ 43/200]: dloss: 0.0024, gloss: 0.7908
[ 44/200]: dloss: 0.0031, gloss: 0.7790
[ 45/200]: dloss: 0.0010, gloss: 0.7756
[ 46/200]: dloss: 0.0011, gloss: 0.7673
[ 47/200]: dloss: 0.0023, gloss: 0.7648
[ 48/200]: dloss: 0.0007, gloss: 0.7550
[ 49/200]: dloss: 0.0050, gloss: 0.7517
[ 50/200]: dloss: 0.0005, gloss: 0.7462
[ 51/200]: dloss: 0.0022, gloss: 0.7365
[ 52/200]: dloss: 0.0009, gloss: 0.7261
[ 53/200]: dloss: 0.0047, gloss: 0.7300
[ 54/200]: dloss: 0.0004, gloss: 0.7142
[ 55/200]: dloss: 0.0013, gloss: 0.7071
[ 56/200]: dloss: 0.0019, gloss: 0.7003
[ 57/200]: dloss: 0.0015, gloss: 0.6959
[ 58/200]: dloss: 0.0007, gloss: 0.6926
[ 59/200]: dloss: 0.0037, gloss: 0.6848
[ 60/200]: dloss: 0.0007, gloss: 0.6791
[ 61/200]: dloss: 0.0010, gloss: 0.6752
[ 62/200]: dloss: 0.0026, gloss: 0.6703
[ 63/200]: dloss: 0.0005, gloss: 0.6593
[ 64/200]: dloss: 0.0020, gloss: 0.6557
[ 65/200]: dloss: 0.0004, gloss: 0.6544
[ 66/200]: dloss: 0.0036, gloss: 0.6504
[ 67/200]: dloss: 0.0002, gloss: 0.6402
[ 68/200]: dloss: 0.0004, gloss: 0.6371
[ 69/200]: dloss: 0.0018, gloss: 0.6294
[ 70/200]: dloss: 0.0016, gloss: 0.6309
[ 71/200]: dloss: 0.0017, gloss: 0.6218
[ 72/200]: dloss: 0.0003, gloss: 0.6207
[ 73/200]: dloss: 0.0015, gloss: 0.6166
[ 74/200]: dloss: 0.0012, gloss: 0.6053
[ 75/200]: dloss: 0.0002, gloss: 0.6045
[ 76/200]: dloss: 0.0021, gloss: 0.6027
[ 77/200]: dloss: 0.0015, gloss: 0.5982
[ 78/200]: dloss: 0.0002, gloss: 0.5910
[ 79/200]: dloss: 0.0010, gloss: 0.5876
[ 80/200]: dloss: 0.0016, gloss: 0.5854
[ 81/200]: dloss: 0.0002, gloss: 0.5806
[ 82/200]: dloss: 0.0018, gloss: 0.5759
[ 83/200]: dloss: 0.0002, gloss: 0.5745
[ 84/200]: dloss: 0.0011, gloss: 0.5681
[ 85/200]: dloss: 0.0002, gloss: 0.5636
[ 86/200]: dloss: 0.0020, gloss: 0.5647
[ 87/200]: dloss: 0.0014, gloss: 0.5595
[ 88/200]: dloss: 0.0002, gloss: 0.5523
[ 89/200]: dloss: 0.0002, gloss: 0.5493
[ 90/200]: dloss: 0.0008, gloss: 0.5474
[ 91/200]: dloss: 0.0009, gloss: 0.5441
[ 92/200]: dloss: 0.0001, gloss: 0.5409
[ 93/200]: dloss: 0.0002, gloss: 0.5376
[ 94/200]: dloss: 0.0008, gloss: 0.5324
[ 95/200]: dloss: 0.0015, gloss: 0.5354
[ 96/200]: dloss: 0.0001, gloss: 0.5269
[ 97/200]: dloss: 0.0002, gloss: 0.5248
[ 98/200]: dloss: 0.0007, gloss: 0.5224
[ 99/200]: dloss: 0.0001, gloss: 0.5189
[100/200]: dloss: 0.0002, gloss: 0.5157
[101/200]: dloss: 0.0008, gloss: 0.5132
[102/200]: dloss: 0.0006, gloss: 0.5113
[103/200]: dloss: 0.0001, gloss: 0.5052
[104/200]: dloss: 0.0001, gloss: 0.5033
[105/200]: dloss: 0.0002, gloss: 0.5015
[106/200]: dloss: 0.0002, gloss: 0.4963
[107/200]: dloss: 0.0004, gloss: 0.4942
[108/200]: dloss: 0.0004, gloss: 0.4946
[109/200]: dloss: 0.0001, gloss: 0.4907
[110/200]: dloss: 0.0004, gloss: 0.4884
[111/200]: dloss: 0.0001, gloss: 0.4852
[112/200]: dloss: 0.0001, gloss: 0.4816
[113/200]: dloss: 0.0001, gloss: 0.4798
[114/200]: dloss: 0.0004, gloss: 0.4755
[115/200]: dloss: 0.0005, gloss: 0.4763
[116/200]: dloss: 0.0001, gloss: 0.4722
[117/200]: dloss: 0.0001, gloss: 0.4708
[118/200]: dloss: 0.0001, gloss: 0.4665
[119/200]: dloss: 0.0001, gloss: 0.4646
[120/200]: dloss: 0.0001, gloss: 0.4630
[121/200]: dloss: 0.0002, gloss: 0.4598
[122/200]: dloss: 0.0002, gloss: 0.4564
[123/200]: dloss: 0.0001, gloss: 0.4578
[124/200]: dloss: 0.0001, gloss: 0.4520
[125/200]: dloss: 0.0001, gloss: 0.4495
[126/200]: dloss: 0.0001, gloss: 0.4474
[127/200]: dloss: 0.0001, gloss: 0.4471
[128/200]: dloss: 0.0003, gloss: 0.4452
[129/200]: dloss: 0.0000, gloss: 0.4388
[130/200]: dloss: 0.0001, gloss: 0.4389
[131/200]: dloss: 0.0001, gloss: 0.4367
[132/200]: dloss: 0.0001, gloss: 0.4332
[133/200]: dloss: 0.0001, gloss: 0.4316
[134/200]: dloss: 0.0001, gloss: 0.4303
[135/200]: dloss: 0.0000, gloss: 0.4286
[136/200]: dloss: 0.0001, gloss: 0.4248
[137/200]: dloss: 0.0001, gloss: 0.4239
[138/200]: dloss: 0.0001, gloss: 0.4223
[139/200]: dloss: 0.0001, gloss: 0.4192
[140/200]: dloss: 0.0001, gloss: 0.4175
[141/200]: dloss: 0.0001, gloss: 0.4158
[142/200]: dloss: 0.0001, gloss: 0.4127
[143/200]: dloss: 0.0000, gloss: 0.4113
[144/200]: dloss: 0.0000, gloss: 0.4099
[145/200]: dloss: 0.0000, gloss: 0.4061
[146/200]: dloss: 0.0000, gloss: 0.4063
[147/200]: dloss: 0.0001, gloss: 0.4043
[148/200]: dloss: 0.0000, gloss: 0.4008
[149/200]: dloss: 0.0000, gloss: 0.3992
[150/200]: dloss: 0.0001, gloss: 0.3974
[151/200]: dloss: 0.0000, gloss: 0.3956
[152/200]: dloss: 0.0000, gloss: 0.3939
[153/200]: dloss: 0.0000, gloss: 0.3914
[154/200]: dloss: 0.0000, gloss: 0.3893
[155/200]: dloss: 0.0000, gloss: 0.3874
[156/200]: dloss: 0.0000, gloss: 0.3859
[157/200]: dloss: 0.0000, gloss: 0.3832
[158/200]: dloss: 0.0000, gloss: 0.3817
[159/200]: dloss: 0.0000, gloss: 0.3800
[160/200]: dloss: 0.0000, gloss: 0.3783
[161/200]: dloss: 0.0000, gloss: 0.3772
[162/200]: dloss: 0.0000, gloss: 0.3741
[163/200]: dloss: 0.0000, gloss: 0.3733
[164/200]: dloss: 0.0000, gloss: 0.3716
[165/200]: dloss: 0.0000, gloss: 0.3700
[166/200]: dloss: 0.0000, gloss: 0.3674
[167/200]: dloss: 0.0000, gloss: 0.3661
[168/200]: dloss: 0.0000, gloss: 0.3637
[169/200]: dloss: 0.0000, gloss: 0.3623
[170/200]: dloss: 0.0000, gloss: 0.3608
[171/200]: dloss: 0.0000, gloss: 0.3590
[172/200]: dloss: 0.0000, gloss: 0.3573
[173/200]: dloss: 0.0000, gloss: 0.3559
[174/200]: dloss: 0.0000, gloss: 0.3537
[175/200]: dloss: 0.0000, gloss: 0.3526
[176/200]: dloss: 0.0000, gloss: 0.3509
[177/200]: dloss: 0.0000, gloss: 0.3488
[178/200]: dloss: 0.0000, gloss: 0.3477
[179/200]: dloss: 0.0000, gloss: 0.3459
[180/200]: dloss: 0.0000, gloss: 0.3449
[181/200]: dloss: 0.0000, gloss: 0.3431
[182/200]: dloss: 0.0000, gloss: 0.3415
[183/200]: dloss: 0.0000, gloss: 0.3406
[184/200]: dloss: 0.0000, gloss: 0.3390
[185/200]: dloss: 0.0000, gloss: 0.3376
[186/200]: dloss: 0.0000, gloss: 0.3363
[187/200]: dloss: 0.0000, gloss: 0.3351
[188/200]: dloss: 0.0000, gloss: 0.3339
[189/200]: dloss: 0.0000, gloss: 0.3327
[190/200]: dloss: 0.0000, gloss: 0.3315
[191/200]: dloss: 0.0000, gloss: 0.3307
[192/200]: dloss: 0.0000, gloss: 0.3297
[193/200]: dloss: 0.0000, gloss: 0.3288
[194/200]: dloss: 0.0000, gloss: 0.3281
[195/200]: dloss: 0.0000, gloss: 0.3274
[196/200]: dloss: 0.0000, gloss: 0.3270
[197/200]: dloss: 0.0000, gloss: 0.3268
[198/200]: dloss: 0.0000, gloss: 0.3268
[199/200]: dloss: 0.0000, gloss: 0.3272
